# JRE version: Java(TM) SE Runtime Environment (8.0_202-b08) (build 1.8.0_202-b08)
# Java VM: Java HotSpot(TM) 64-Bit Server VM (25.202-b08 mixed mode windows-amd64 compressed oops)
Heap:
 PSYoungGen      total 612864K, used 62221K [0x00000000d6900000, 0x00000000ffc00000, 0x0000000100000000)
  eden space 551936K, 8% used [0x00000000d6900000,0x00000000d971eaf8,0x00000000f8400000)
  from space 60928K, 24% used [0x00000000f8400000,0x00000000f92a4c38,0x00000000fbf80000)
  to   space 58368K, 0% used [0x00000000fc300000,0x00000000fc300000,0x00000000ffc00000)
 ParOldGen       total 202752K, used 130098K [0x0000000083a00000, 0x0000000090000000, 0x00000000d6900000)
  object space 202752K, 64% used [0x0000000083a00000,0x000000008b90cae8,0x0000000090000000)
 Metaspace       used 49091K, capacity 52072K, committed 52352K, reserved 1095680K
  class space    used 5817K, capacity 6465K, committed 6528K, reserved 1048576K
GC Heap History (10 events):
Event: 261.340 GC heap before
{Heap before GC invocations=26 (full 3):
 PSYoungGen      total 607232K, used 558962K [0x00000000d6900000, 0x00000000ffc80000, 0x0000000100000000)
  eden space 542208K, 100% used [0x00000000d6900000,0x00000000f7a80000,0x00000000f7a80000)
  from space 65024K, 25% used [0x00000000fbd00000,0x00000000fcd5ca60,0x00000000ffc80000)
  to   space 66560K, 0% used [0x00000000f7a80000,0x00000000f7a80000,0x00000000fbb80000)
 ParOldGen       total 202752K, used 130074K [0x0000000083a00000, 0x0000000090000000, 0x00000000d6900000)
  object space 202752K, 64% used [0x0000000083a00000,0x000000008b906ae8,0x0000000090000000)
 Metaspace       used 48887K, capacity 51832K, committed 52096K, reserved 1095680K
  class space    used 5808K, capacity 6431K, committed 6528K, reserved 1048576K
Event: 261.375 GC heap after
Heap after GC invocations=26 (full 3):
 PSYoungGen      total 608768K, used 18538K [0x00000000d6900000, 0x00000000ffd80000, 0x0000000100000000)
  eden space 542208K, 0% used [0x00000000d6900000,0x00000000d6900000,0x00000000f7a80000)
  from space 66560K, 27% used [0x00000000f7a80000,0x00000000f8c9a8f0,0x00000000fbb80000)
  to   space 64512K, 0% used [0x00000000fbe80000,0x00000000fbe80000,0x00000000ffd80000)
 ParOldGen       total 202752K, used 130082K [0x0000000083a00000, 0x0000000090000000, 0x00000000d6900000)
  object space 202752K, 64% used [0x0000000083a00000,0x000000008b908ae8,0x0000000090000000)
 Metaspace       used 48887K, capacity 51832K, committed 52096K, reserved 1095680K
  class space    used 5808K, capacity 6431K, committed 6528K, reserved 1048576K
}
Event: 280.460 GC heap before
{Heap before GC invocations=27 (full 3):
 PSYoungGen      total 608768K, used 560746K [0x00000000d6900000, 0x00000000ffd80000, 0x0000000100000000)
  eden space 542208K, 100% used [0x00000000d6900000,0x00000000f7a80000,0x00000000f7a80000)
  from space 66560K, 27% used [0x00000000f7a80000,0x00000000f8c9a8f0,0x00000000fbb80000)
  to   space 64512K, 0% used [0x00000000fbe80000,0x00000000fbe80000,0x00000000ffd80000)
 ParOldGen       total 202752K, used 130082K [0x0000000083a00000, 0x0000000090000000, 0x00000000d6900000)
  object space 202752K, 64% used [0x0000000083a00000,0x000000008b908ae8,0x0000000090000000)
 Metaspace       used 48947K, capacity 51900K, committed 52096K, reserved 1095680K
  class space    used 5808K, capacity 6431K, committed 6528K, reserved 1048576K
Event: 280.492 GC heap after
Heap after GC invocations=27 (full 3):
 PSYoungGen      total 611840K, used 6080K [0x00000000d6900000, 0x00000000ffd00000, 0x0000000100000000)
  eden space 547840K, 0% used [0x00000000d6900000,0x00000000d6900000,0x00000000f8000000)
  from space 64000K, 9% used [0x00000000fbe80000,0x00000000fc4701c0,0x00000000ffd00000)
  to   space 64000K, 0% used [0x00000000f8000000,0x00000000f8000000,0x00000000fbe80000)
 ParOldGen       total 202752K, used 130082K [0x0000000083a00000, 0x0000000090000000, 0x00000000d6900000)
  object space 202752K, 64% used [0x0000000083a00000,0x000000008b908ae8,0x0000000090000000)
 Metaspace       used 48947K, capacity 51900K, committed 52096K, reserved 1095680K
  class space    used 5808K, capacity 6431K, committed 6528K, reserved 1048576K
}
Event: 308.858 GC heap before
{Heap before GC invocations=28 (full 3):
 PSYoungGen      total 611840K, used 553920K [0x00000000d6900000, 0x00000000ffd00000, 0x0000000100000000)
  eden space 547840K, 100% used [0x00000000d6900000,0x00000000f8000000,0x00000000f8000000)
  from space 64000K, 9% used [0x00000000fbe80000,0x00000000fc4701c0,0x00000000ffd00000)
  to   space 64000K, 0% used [0x00000000f8000000,0x00000000f8000000,0x00000000fbe80000)
 ParOldGen       total 202752K, used 130082K [0x0000000083a00000, 0x0000000090000000, 0x00000000d6900000)
  object space 202752K, 64% used [0x0000000083a00000,0x000000008b908ae8,0x0000000090000000)
 Metaspace       used 48977K, capacity 51964K, committed 52096K, reserved 1095680K
  class space    used 5808K, capacity 6431K, committed 6528K, reserved 1048576K
Event: 308.921 GC heap after
Heap after GC invocations=28 (full 3):
 PSYoungGen      total 611840K, used 10126K [0x00000000d6900000, 0x00000000ffe00000, 0x0000000100000000)
  eden space 547840K, 0% used [0x00000000d6900000,0x00000000d6900000,0x00000000f8000000)
  from space 64000K, 15% used [0x00000000f8000000,0x00000000f89e3b70,0x00000000fbe80000)
  to   space 62976K, 0% used [0x00000000fc080000,0x00000000fc080000,0x00000000ffe00000)
 ParOldGen       total 202752K, used 130090K [0x0000000083a00000, 0x0000000090000000, 0x00000000d6900000)
  object space 202752K, 64% used [0x0000000083a00000,0x000000008b90aae8,0x0000000090000000)
 Metaspace       used 48977K, capacity 51964K, committed 52096K, reserved 1095680K
  class space    used 5808K, capacity 6431K, committed 6528K, reserved 1048576K
}
Event: 323.831 GC heap before
{Heap before GC invocations=29 (full 3):
 PSYoungGen      total 611840K, used 557966K [0x00000000d6900000, 0x00000000ffe00000, 0x0000000100000000)
  eden space 547840K, 100% used [0x00000000d6900000,0x00000000f8000000,0x00000000f8000000)
  from space 64000K, 15% used [0x00000000f8000000,0x00000000f89e3b70,0x00000000fbe80000)
  to   space 62976K, 0% used [0x00000000fc080000,0x00000000fc080000,0x00000000ffe00000)
 ParOldGen       total 202752K, used 130090K [0x0000000083a00000, 0x0000000090000000, 0x00000000d6900000)
  object space 202752K, 64% used [0x0000000083a00000,0x000000008b90aae8,0x0000000090000000)
 Metaspace       used 49012K, capacity 51964K, committed 52096K, reserved 1095680K
  class space    used 5808K, capacity 6431K, committed 6528K, reserved 1048576K
Event: 324.024 GC heap after
Heap after GC invocations=29 (full 3):
 PSYoungGen      total 611840K, used 28176K [0x00000000d6900000, 0x00000000ffb00000, 0x0000000100000000)
  eden space 551936K, 0% used [0x00000000d6900000,0x00000000d6900000,0x00000000f8400000)
  from space 59904K, 47% used [0x00000000fc080000,0x00000000fdc042c0,0x00000000ffb00000)
  to   space 60928K, 0% used [0x00000000f8400000,0x00000000f8400000,0x00000000fbf80000)
 ParOldGen       total 202752K, used 130090K [0x0000000083a00000, 0x0000000090000000, 0x00000000d6900000)
  object space 202752K, 64% used [0x0000000083a00000,0x000000008b90aae8,0x0000000090000000)
 Metaspace       used 49012K, capacity 51964K, committed 52096K, reserved 1095680K
  class space    used 5808K, capacity 6431K, committed 6528K, reserved 1048576K
}
Event: 334.772 GC heap before
{Heap before GC invocations=30 (full 3):
 PSYoungGen      total 611840K, used 580112K [0x00000000d6900000, 0x00000000ffb00000, 0x0000000100000000)
  eden space 551936K, 100% used [0x00000000d6900000,0x00000000f8400000,0x00000000f8400000)
  from space 59904K, 47% used [0x00000000fc080000,0x00000000fdc042c0,0x00000000ffb00000)
  to   space 60928K, 0% used [0x00000000f8400000,0x00000000f8400000,0x00000000fbf80000)
 ParOldGen       total 202752K, used 130090K [0x0000000083a00000, 0x0000000090000000, 0x00000000d6900000)
  object space 202752K, 64% used [0x0000000083a00000,0x000000008b90aae8,0x0000000090000000)
 Metaspace       used 49084K, capacity 52072K, committed 52352K, reserved 1095680K
  class space    used 5817K, capacity 6465K, committed 6528K, reserved 1048576K
Event: 334.829 GC heap after
Heap after GC invocations=30 (full 3):
 PSYoungGen      total 612864K, used 14995K [0x00000000d6900000, 0x00000000ffc00000, 0x0000000100000000)
  eden space 551936K, 0% used [0x00000000d6900000,0x00000000d6900000,0x00000000f8400000)
  from space 60928K, 24% used [0x00000000f8400000,0x00000000f92a4c38,0x00000000fbf80000)
  to   space 58368K, 0% used [0x00000000fc300000,0x00000000fc300000,0x00000000ffc00000)
 ParOldGen       total 202752K, used 130098K [0x0000000083a00000, 0x0000000090000000, 0x00000000d6900000)
  object space 202752K, 64% used [0x0000000083a00000,0x000000008b90cae8,0x0000000090000000)
 Metaspace       used 49084K, capacity 52072K, committed 52352K, reserved 1095680K
  class space    used 5817K, capacity 6465K, committed 6528K, reserved 1048576K
}

